
=== Exit metrics ===
 exit  accuracy_top1  accuracy_top5  latency_ms
    1      20.919999      53.860003    0.224988
    2      57.779998      87.239999    0.324600
    3      73.989999      92.650002    0.441137
    4      75.749999      93.680000    0.649161

=== Budget sweep ===
 budget_ms      method  accuracy  avg_latency_ms                                                                    exit_distribution                                                                        trust_vector
      7.50       EENet     57.53        0.388938   [0.2087000012397766, 0.15240000188350677, 0.5875999927520752, 0.05130000039935112]                                                                                 NaN
      7.50 EENet+Trust     55.38        0.385801                                                     [0.2501, 0.1302, 0.5529, 0.0668]   [0.1371381000746512, 0.20769497489023928, 0.2920498353273675, 0.3631170897077421]
      7.50     Entropy     62.13        0.403807   [0.26840001344680786, 0.2410999983549118, 0.25600001215934753, 0.2345000058412552]                                                                                 NaN
      6.75       EENet     63.81        0.443232 [0.19040000438690186, 0.20170000195503235, 0.28700000047683716, 0.32089999318122864]                                                                                 NaN
      6.75 EENet+Trust     63.79        0.436038                                                     [0.1904, 0.1972, 0.3286, 0.2838]  [0.11972230962982028, 0.23804121365625314, 0.3046914321880286, 0.3375450445258981]
      6.75     Entropy     62.94        0.409825  [0.24819999933242798, 0.25870001316070557, 0.24079999327659607, 0.2522999942302704]                                                                                 NaN
      6.50       EENet     63.62        0.486921  [0.19599999487400055, 0.15449999272823334, 0.13920000195503235, 0.5102999806404114]                                                                                 NaN
      6.50 EENet+Trust     63.66        0.484926                                                      [0.196, 0.1477, 0.1594, 0.4969]  [0.11924351349319301, 0.23425443605341018, 0.3017585880592829, 0.3447434623941139]
      6.50     Entropy     63.10        0.410522   [0.24959999322891235, 0.24619999527931213, 0.2540999948978424, 0.2500999867916107]                                                                                 NaN
      6.00       EENet     58.04        0.417471   [0.22499999403953552, 0.3409000039100647, 0.12309999763965607, 0.3109999895095825]                                                                                 NaN
      6.00 EENet+Trust     60.44        0.421536                                                       [0.1894, 0.331, 0.1916, 0.288] [0.12456901013628355, 0.23259929341904975, 0.30991287733467754, 0.3329188191099891]
      6.00     Entropy     63.66        0.412586   [0.23579999804496765, 0.2639000117778778, 0.24469999969005585, 0.2556000053882599]                                                                                 NaN

=== Trust routing summary ===
scenario policy  accuracy  accuracy_on_completed  reliability  dropped_responses  avg_latency_ms
    easy random 65.850000              65.850000   100.000000           0.000000        1.013339
    easy  trust 66.650000              66.650000   100.000000           0.000000        0.937451
    hard random 36.033333              36.403747    99.033333           0.966667        1.071984
    hard  trust 50.450000              50.519334    99.766667           0.233333        1.058515
  medium random 51.700000              51.700000   100.000000           0.000000        1.002144
  medium  trust 61.700000              61.735571    99.933333           0.066667        0.977874
